<?xml version="1.0" encoding="UTF-8"?>
<!-- Generated by org.testng.reporters.JUnitReportReporter -->
<testsuite hostname="DESKTOP-DUERR93" failures="0" tests="1" name="snapdeal_automation.snapdeal_automation_suite.ProductSearchTest" time="15.235" errors="0" timestamp="2024-08-18T16:26:33 IST" skipped="0">
  <testcase classname="snapdeal_automation.snapdeal_automation_suite.ProductSearchTest" name="productSearch" time="15.235"/>
</testsuite> <!-- snapdeal_automation.snapdeal_automation_suite.ProductSearchTest -->
