<?xml version="1.0" encoding="UTF-8"?>
<!-- Generated by org.testng.reporters.JUnitReportReporter -->
<testsuite hostname="DESKTOP-DUERR93" failures="0" tests="1" name="snapdeal_automation.snapdeal_automation_suite.RemoveFromCartTest" time="21.688" errors="0" timestamp="2024-08-18T16:26:33 IST" skipped="0">
  <testcase classname="snapdeal_automation.snapdeal_automation_suite.RemoveFromCartTest" name="verifyRemoveFromCartFunctionality" time="21.688"/>
</testsuite> <!-- snapdeal_automation.snapdeal_automation_suite.RemoveFromCartTest -->
