<?xml version="1.0" encoding="UTF-8"?>
<!-- Generated by org.testng.reporters.JUnitReportReporter -->
<testsuite hostname="WS-16454" failures="0" tests="1" name="snapdeal_automation.snapdeal_automation_suite.PriceFilterTest" time="12.355" errors="0" timestamp="2024-08-17T22:36:15 IST" skipped="0">
  <testcase classname="snapdeal_automation.snapdeal_automation_suite.PriceFilterTest" name="verifyPriceFilterFunctionality" time="12.355"/>
</testsuite> <!-- snapdeal_automation.snapdeal_automation_suite.PriceFilterTest -->
