<?xml version="1.0" encoding="UTF-8"?>
<!-- Generated by org.testng.reporters.JUnitReportReporter -->
<testsuite hostname="WS-16454" failures="0" tests="1" name="snapdeal_automation.snapdeal_automation_suite.ProductSearchTest" time="11.720" errors="0" timestamp="2024-08-17T22:36:15 IST" skipped="0">
  <testcase classname="snapdeal_automation.snapdeal_automation_suite.ProductSearchTest" name="productSearch" time="11.720"/>
</testsuite> <!-- snapdeal_automation.snapdeal_automation_suite.ProductSearchTest -->
