<?xml version="1.0" encoding="UTF-8"?>
<!-- Generated by org.testng.reporters.JUnitReportReporter -->
<testsuite hostname="DESKTOP-DUERR93" failures="0" tests="2" name="snapdeal_automation.snapdeal_automation_suite.ProductSortingTest" time="25.334" errors="0" timestamp="2024-08-18T16:26:33 IST" skipped="0">
  <testcase classname="snapdeal_automation.snapdeal_automation_suite.ProductSortingTest" name="verifySortingByPriceLowToHigh" time="13.140"/>
  <testcase classname="snapdeal_automation.snapdeal_automation_suite.ProductSortingTest" name="verifySortingByPriceHighToLow" time="12.194"/>
</testsuite> <!-- snapdeal_automation.snapdeal_automation_suite.ProductSortingTest -->
